##### AWS Resource Usage Monitoring Report ######
AWS Resource Usage Report

1)List of IAM Users
Bhuvaneshwaran
Syedahamed
-e\n2)Running EC2 instances
{
    "Reservations": [
        {
            "ReservationId": "r-0bcd6c1ef5d840187",
            "OwnerId": "901540756220",
            "Groups": [],
            "Instances": [
                {
                    "Architecture": "x86_64",
                    "BlockDeviceMappings": [
                        {
                            "DeviceName": "/dev/sda1",
                            "Ebs": {
                                "AttachTime": "2025-11-30T12:43:32+00:00",
                                "DeleteOnTermination": true,
                                "Status": "attached",
                                "VolumeId": "vol-09b67b5215a6c225f"
                            }
                        }
                    ],
                    "ClientToken": "7e44f74e-c13c-42e3-8747-88034769e7a9",
                    "EbsOptimized": true,
                    "EnaSupport": true,
                    "Hypervisor": "xen",
                    "NetworkInterfaces": [
                        {
                            "Attachment": {
                                "AttachTime": "2025-11-30T12:43:32+00:00",
                                "AttachmentId": "eni-attach-0e812283b9e7113d7",
                                "DeleteOnTermination": true,
                                "DeviceIndex": 0,
                                "Status": "attached",
                                "NetworkCardIndex": 0
                            },
                            "Description": "",
                            "Groups": [
                                {
                                    "GroupId": "sg-00b4710cc18b0b66a",
                                    "GroupName": "launch-wizard-2"
                                }
                            ],
                            "Ipv6Addresses": [],
                            "MacAddress": "0a:f1:5a:c1:9e:c1",
                            "NetworkInterfaceId": "eni-00db078294fdec30d",
                            "OwnerId": "901540756220",
                            "PrivateDnsName": "ip-172-31-9-109.ap-south-1.compute.internal",
                            "PrivateIpAddress": "172.31.9.109",
                            "PrivateIpAddresses": [
                                {
                                    "Primary": true,
                                    "PrivateDnsName": "ip-172-31-9-109.ap-south-1.compute.internal",
                                    "PrivateIpAddress": "172.31.9.109"
                                }
                            ],
                            "SourceDestCheck": true,
                            "Status": "in-use",
                            "SubnetId": "subnet-0d0f136dacadcdaa0",
                            "VpcId": "vpc-033c581d25d58ac58",
                            "InterfaceType": "interface",
                            "Operator": {
                                "Managed": false
                            }
                        }
                    ],
                    "RootDeviceName": "/dev/sda1",
                    "RootDeviceType": "ebs",
                    "SecurityGroups": [
                        {
                            "GroupId": "sg-00b4710cc18b0b66a",
                            "GroupName": "launch-wizard-2"
                        }
                    ],
                    "SourceDestCheck": true,
                    "StateReason": {
                        "Code": "Client.UserInitiatedShutdown",
                        "Message": "Client.UserInitiatedShutdown: User initiated shutdown"
                    },
                    "Tags": [
                        {
                            "Key": "Name",
                            "Value": "new"
                        }
                    ],
                    "VirtualizationType": "hvm",
                    "CpuOptions": {
                        "CoreCount": 1,
                        "ThreadsPerCore": 2
                    },
                    "CapacityReservationSpecification": {
                        "CapacityReservationPreference": "open"
                    },
                    "HibernationOptions": {
                        "Configured": false
                    },
                    "MetadataOptions": {
                        "State": "applied",
                        "HttpTokens": "required",
                        "HttpPutResponseHopLimit": 2,
                        "HttpEndpoint": "enabled",
                        "HttpProtocolIpv6": "disabled",
                        "InstanceMetadataTags": "disabled"
                    },
                    "EnclaveOptions": {
                        "Enabled": false
                    },
                    "BootMode": "uefi-preferred",
                    "PlatformDetails": "Linux/UNIX",
                    "UsageOperation": "RunInstances",
                    "UsageOperationUpdateTime": "2025-11-30T12:43:32+00:00",
                    "PrivateDnsNameOptions": {
                        "HostnameType": "ip-name",
                        "EnableResourceNameDnsARecord": true,
                        "EnableResourceNameDnsAAAARecord": false
                    },
                    "MaintenanceOptions": {
                        "AutoRecovery": "default",
                        "RebootMigration": "default"
                    },
                    "CurrentInstanceBootMode": "uefi",
                    "NetworkPerformanceOptions": {
                        "BandwidthWeighting": "default"
                    },
                    "Operator": {
                        "Managed": false
                    },
                    "InstanceId": "i-023f246f11a410a58",
                    "ImageId": "ami-02b8269d5e85954ef",
                    "State": {
                        "Code": 80,
                        "Name": "stopped"
                    },
                    "PrivateDnsName": "ip-172-31-9-109.ap-south-1.compute.internal",
                    "PublicDnsName": "",
                    "StateTransitionReason": "User initiated (2025-11-30 13:34:46 GMT)",
                    "KeyName": "ec2bhuvanesh",
                    "AmiLaunchIndex": 0,
                    "ProductCodes": [],
                    "InstanceType": "t3.micro",
                    "LaunchTime": "2025-11-30T12:43:32+00:00",
                    "Placement": {
                        "AvailabilityZoneId": "aps1-az3",
                        "GroupName": "",
                        "Tenancy": "default",
                        "AvailabilityZone": "ap-south-1b"
                    },
                    "Monitoring": {
                        "State": "disabled"
                    },
                    "SubnetId": "subnet-0d0f136dacadcdaa0",
                    "VpcId": "vpc-033c581d25d58ac58",
                    "PrivateIpAddress": "172.31.9.109"
                }
            ]
        },
        {
            "ReservationId": "r-013fa3e3151d8f81a",
            "OwnerId": "901540756220",
            "Groups": [],
            "Instances": [
                {
                    "Architecture": "x86_64",
                    "BlockDeviceMappings": [
                        {
                            "DeviceName": "/dev/sda1",
                            "Ebs": {
                                "AttachTime": "2025-11-23T13:37:19+00:00",
                                "DeleteOnTermination": true,
                                "Status": "attached",
                                "VolumeId": "vol-0a62010521e942ffa"
                            }
                        }
                    ],
                    "ClientToken": "306ba9e9-3810-4528-95db-41675152f104",
                    "EbsOptimized": true,
                    "EnaSupport": true,
                    "Hypervisor": "xen",
                    "NetworkInterfaces": [
                        {
                            "Attachment": {
                                "AttachTime": "2025-11-23T13:37:18+00:00",
                                "AttachmentId": "eni-attach-0821c88a55ef02fae",
                                "DeleteOnTermination": true,
                                "DeviceIndex": 0,
                                "Status": "attached",
                                "NetworkCardIndex": 0
                            },
                            "Description": "",
                            "Groups": [
                                {
                                    "GroupId": "sg-0828c15b8c04decbc",
                                    "GroupName": "launch-wizard-1"
                                }
                            ],
                            "Ipv6Addresses": [],
                            "MacAddress": "02:46:b2:34:5d:75",
                            "NetworkInterfaceId": "eni-05792c795c703ad0d",
                            "OwnerId": "901540756220",
                            "PrivateDnsName": "ip-172-31-38-184.ap-south-1.compute.internal",
                            "PrivateIpAddress": "172.31.38.184",
                            "PrivateIpAddresses": [
                                {
                                    "Primary": true,
                                    "PrivateDnsName": "ip-172-31-38-184.ap-south-1.compute.internal",
                                    "PrivateIpAddress": "172.31.38.184"
                                }
                            ],
                            "SourceDestCheck": true,
                            "Status": "in-use",
                            "SubnetId": "subnet-0692acda9b3661b18",
                            "VpcId": "vpc-033c581d25d58ac58",
                            "InterfaceType": "interface",
                            "Operator": {
                                "Managed": false
                            }
                        }
                    ],
                    "RootDeviceName": "/dev/sda1",
                    "RootDeviceType": "ebs",
                    "SecurityGroups": [
                        {
                            "GroupId": "sg-0828c15b8c04decbc",
                            "GroupName": "launch-wizard-1"
                        }
                    ],
                    "SourceDestCheck": true,
                    "StateReason": {
                        "Code": "Client.UserInitiatedShutdown",
                        "Message": "Client.UserInitiatedShutdown: User initiated shutdown"
                    },
                    "Tags": [
                        {
                            "Key": "Name",
                            "Value": "demo"
                        }
                    ],
                    "VirtualizationType": "hvm",
                    "CpuOptions": {
                        "CoreCount": 1,
                        "ThreadsPerCore": 2
                    },
                    "CapacityReservationSpecification": {
                        "CapacityReservationPreference": "open"
                    },
                    "HibernationOptions": {
                        "Configured": false
                    },
                    "MetadataOptions": {
                        "State": "applied",
                        "HttpTokens": "required",
                        "HttpPutResponseHopLimit": 2,
                        "HttpEndpoint": "enabled",
                        "HttpProtocolIpv6": "disabled",
                        "InstanceMetadataTags": "disabled"
                    },
                    "EnclaveOptions": {
                        "Enabled": false
                    },
                    "BootMode": "uefi-preferred",
                    "PlatformDetails": "Linux/UNIX",
                    "UsageOperation": "RunInstances",
                    "UsageOperationUpdateTime": "2025-11-23T13:37:18+00:00",
                    "PrivateDnsNameOptions": {
                        "HostnameType": "ip-name",
                        "EnableResourceNameDnsARecord": true,
                        "EnableResourceNameDnsAAAARecord": false
                    },
                    "MaintenanceOptions": {
                        "AutoRecovery": "default",
                        "RebootMigration": "default"
                    },
                    "CurrentInstanceBootMode": "uefi",
                    "NetworkPerformanceOptions": {
                        "BandwidthWeighting": "default"
                    },
                    "Operator": {
                        "Managed": false
                    },
                    "InstanceId": "i-0bbf1c0cfbfefdeb2",
                    "ImageId": "ami-02b8269d5e85954ef",
                    "State": {
                        "Code": 80,
                        "Name": "stopped"
                    },
                    "PrivateDnsName": "ip-172-31-38-184.ap-south-1.compute.internal",
                    "PublicDnsName": "",
                    "StateTransitionReason": "User initiated (2025-11-23 16:34:23 GMT)",
                    "KeyName": "ec2bhuvanesh",
                    "AmiLaunchIndex": 0,
                    "ProductCodes": [],
                    "InstanceType": "t3.micro",
                    "LaunchTime": "2025-11-23T13:37:18+00:00",
                    "Placement": {
                        "AvailabilityZoneId": "aps1-az1",
                        "GroupName": "",
                        "Tenancy": "default",
                        "AvailabilityZone": "ap-south-1a"
                    },
                    "Monitoring": {
                        "State": "disabled"
                    },
                    "SubnetId": "subnet-0692acda9b3661b18",
                    "VpcId": "vpc-033c581d25d58ac58",
                    "PrivateIpAddress": "172.31.38.184"
                }
            ]
        }
    ]
}
